
**Measuring shifts in 24072019_CaMKIIYFP_ATTO647_MB112c_myrSNAP_SNAP547_viol_1h_p1l_heel.tif at 2019 Jul 31 11:21:39
    Calculating channel alignment...
    using slices [52, 54, 55, 56, 57, 58, 59, 60, 61, 62, 63, 64, 65, 66, 67, 68, 69]
    making an initial guess for channel 0
    calculating shifts for time 0 channel 0
    in iteration, initial geuss is [0.5401726 0.        0.        1.        1.       ]
    0 [0.42258298 0.93432766 0.1027256  0.99962944 1.005116  ]
    1 [0.3759913  1.1696463  0.09501195 0.99923056 1.0066969 ]
    2 [0.3545258  1.2605617  0.08214386 0.9989319  1.0074797 ]
    3 [0.33913633 1.2985533  0.07047239 0.99871224 1.0078346 ]
    4 [0.3277209  1.3173752  0.06205184 0.998553   1.0079957 ]
    5 [0.31961602 1.3287164  0.05655475 0.99843884 1.0080689 ]
    6 [0.31394884 1.3356402  0.05304055 0.99835724 1.008104  ]
    7 [0.30961418 1.3400772  0.05073156 0.99829847 1.0081271 ]
    8 [0.30633116 1.3428638  0.04921763 0.99825567 1.0081438 ]
    9 [0.30398357 1.3446264  0.04827588 0.99822444 1.0081545 ]
    10 [0.30226824 1.3457384  0.04768581 0.9982015  1.0081602 ]
    11 [0.301034   1.3464338  0.04732047 0.9981846  1.0081633 ]
    12 [0.30012557 1.3468672  0.04708869 0.9981723  1.0081651 ]
    13 [0.2994788  1.3471524  0.04694705 0.9981632  1.0081661 ]
    14 [0.29900482 1.3473393  0.04685894 0.99815655 1.0081664 ]
    15 [0.29865256 1.3474509  0.04680242 0.99815166 1.0081668 ]
    16 [0.29839513 1.3475183  0.04676644 0.9981481  1.0081671 ]
    in iteration, initial geuss is [0.5401726  0.06187039 0.         1.         1.        ]
    0 [ 0.39642468  0.01637856 -0.0232658   0.9989739   0.9995539 ]
    1 [ 3.2946849e-01  7.9415593e-05 -3.0447174e-02  9.9833179e-01
  9.9919099e-01]
    2 [ 0.29854178 -0.01271396 -0.03100528  0.9979388   0.99889886]
    3 [ 0.28324112 -0.02363735 -0.02982113  0.9976982   0.99866986]
    4 [ 0.2752569  -0.03273323 -0.02832475  0.9975491   0.9984936 ]
    5 [ 0.27094665 -0.03979206 -0.02715244  0.9974572   0.9983591 ]
    6 [ 0.26835388 -0.04529066 -0.02625443  0.9974002   0.9982562 ]
    7 [ 0.26702958 -0.04942938 -0.02561165  0.9973652   0.9981778 ]
    8 [ 0.26627797 -0.05259176 -0.02515786  0.9973436   0.99811804]
    9 [ 0.26580152 -0.055056   -0.02484703  0.99733025  0.9980721 ]
    10 [ 0.2655104  -0.05712865 -0.02460914  0.99732196  0.9980361 ]
    11 [ 0.26534796 -0.05869866 -0.02444863  0.9973167   0.99800825]
    12 [ 0.26528236 -0.05985313 -0.02434686  0.9973135   0.9979868 ]
    13 [ 0.2652393  -0.06070348 -0.02427571  0.9973116   0.99797016]
    14 [ 0.26521528 -0.06135704 -0.02422648  0.99731046  0.9979573 ]
    15 [ 0.26520756 -0.06182918 -0.02420491  0.9973098   0.9979475 ]
    time: 0, wave: 0, tx:-0.062, ty:0.265, tz:1.348, r:-0.024, mx:0.998, my:0.997, mz:1.008
    making an initial guess for channel 2
    calculating shifts for time 0 channel 2
    in iteration, initial geuss is [0.13288724 0.         0.         1.         1.        ]
    0 [0.08755443 0.6048888  0.03788396 0.99972135 1.0026579 ]
    1 [0.06121062 0.7012973  0.03221779 0.99947304 1.0029433 ]
    2 [0.04860301 0.72759354 0.02406089 0.99928206 1.0028876 ]
    3 [0.03915512 0.7396081  0.01825652 0.9991445  1.0028225 ]
    4 [0.03243309 0.74634    0.01455751 0.9990454  1.0027821 ]
    5 [0.02735957 0.750601   0.01230337 0.9989755  1.0027614 ]
    6 [0.02380124 0.75347066 0.01082597 0.99892634 1.0027586 ]
    7 [0.02146374 0.7551703  0.00990962 0.99889076 1.0027591 ]
    8 [0.01979592 0.7561692  0.00933257 0.9988651  1.0027603 ]
    9 [0.01860007 0.7567748  0.00897527 0.9988466  1.0027616 ]
    10 [0.01772328 0.7571494  0.00875624 0.99883324 1.002763  ]
    11 [0.0170937  0.7573725  0.00862659 0.99882364 1.0027646 ]
    12 [0.01664301 0.75749695 0.0085512  0.9988168  1.0027659 ]
    13 [0.01631888 0.75756913 0.00850947 0.99881184 1.0027671 ]
    in iteration, initial geuss is [0.13288724 0.00264479 0.         1.         1.        ]
    0 [ 0.06381129 -0.05309462 -0.01007588  0.9994067   0.9997416 ]
    1 [ 0.03926311 -0.07351656 -0.01125356  0.99906     0.9994874 ]
    2 [ 0.02743295 -0.08469363 -0.01034393  0.99886125  0.9992922 ]
    3 [ 0.02162769 -0.09237215 -0.00935651  0.9987469   0.9991476 ]
    4 [ 0.01885986 -0.09775464 -0.00861371  0.9986811   0.9990417 ]
    5 [ 0.01748349 -0.1015246  -0.00815905  0.99864346  0.9989645 ]
    6 [ 0.01674942 -0.10421264 -0.0078934   0.99862206  0.9989083 ]
    7 [ 0.01630761 -0.10619415 -0.00774252  0.99860996  0.99886715]
    8 [ 0.01606667 -0.10761379 -0.00767386  0.9986032   0.9988372 ]
    9 [ 0.01591308 -0.1086591  -0.00764801  0.99859947  0.9988153 ]
    time: 0, wave: 2, tx:-0.109, ty:0.016, tz:0.758, r:-0.008, mx:0.999, my:0.999, mz:1.003
    3D phase correlation for time 0 channel 0 iter 0
    3D phase correlation for time 0 channel 0 iter 1
    3D phase correlation for time 0 channel 2 iter 0
    3D phase correlation for time 0 channel 2 iter 1
    Finding affine parameters done!
