#
# A fatal error has been detected by the Java Runtime Environment:
#
#  SIGSEGV (0xb) at pc=0x00000001137ef027, pid=96339, tid=0x000000000000d847
#
# JRE version: Java(TM) SE Runtime Environment (8.0_172-b11) (build 1.8.0_172-b11)
# Java VM: Java HotSpot(TM) 64-Bit Server VM (25.172-b11 mixed mode bsd-amd64 compressed oops)
# Problematic frame:
# C  [libawt_lwawt.dylib+0x1c027]  OGLSD_SetScratchSurface+0x49
#
# Failed to write core dump. Core dumps have been disabled. To enable core dumping, try "ulimit -c unlimited" before starting Java again
#
# If you would like to submit a bug report, please visit:
#   http://bugreport.java.com/bugreport/crash.jsp
# The crash happened outside the Java Virtual Machine in native code.
# See problematic frame for where to report the bug.
#

---------------  T H R E A D  ---------------

Current thread (0x00007f89ff60a000):  JavaThread "Java2D Queue Flusher" daemon [_thread_in_native, id=55367, stack(0x00007000099e6000,0x0000700009ae6000)]

siginfo: si_signo: 11 (SIGSEGV), si_code: 0 (unknown), si_addr: 0x0000000000000000

Registers:
RAX=0x00000000ffffffff, RBX=0x323943322d420002, RCX=0x0000000000000047, RDX=0x0000000113810b14
RSP=0x0000700009ae5790, RBP=0x0000700009ae57b0, RSI=0x00007f8a06dcf3f0, RDI=0x00007f89ff60a1f8
R8 =0x00000000004c6416, R9 =0xffffffff00000000, R10=0x0000000116d70d78, R11=0x000000008ab27791
R12=0x0000000000000000, R13=0x000000011751ecac, R14=0x00007f89ff60a1f8, R15=0x00007f89ff60a000
RIP=0x00000001137ef027, EFLAGS=0x0000000000010202, ERR=0x0000000000000000
  TRAPNO=0x000000000000000d

Top of Stack: (sp=0x0000700009ae5790)
0x0000700009ae5790:   00007f8a06dcf3f0 0000000000000000
0x0000700009ae57a0:   00007f8a04bf1810 00007f89ff60a000
0x0000700009ae57b0:   0000700009ae5830 00000001138105f2
0x0000700009ae57c0:   0000700009ae57f0 000000010973cfa4
0x0000700009ae57d0:   0000000000000064 0000000000000000
0x0000700009ae57e0:   0000000000000064 00007f8a0422df48
0x0000700009ae57f0:   0000700009ae5850 00007f8a04bf1820
0x0000700009ae5800:   0000000000000005 00007f89ff60a1f8
0x0000700009ae5810:   000000045593bc70 0000000000000000
0x0000700009ae5820:   0000700009ae58a8 00007f89ff60a000
0x0000700009ae5830:   0000700009ae5880 0000000116d70dea
0x0000700009ae5840:   000000045593bc70 00007f89ff60a000
0x0000700009ae5850:   0000700009ae58a0 0000000116d597e8
0x0000700009ae5860:   000000045593bcf8 0000700009ae58a8
0x0000700009ae5870:   0000000194ef5230 0000000000000000
0x0000700009ae5880:   000000045593bc70 000000011773eb94
0x0000700009ae5890:   0000700009ae58b0 0000700009ae59f0
0x0000700009ae58a0:   0000700009ae59f0 000000011751eba4
0x0000700009ae58b0:   00000000000000e7 00000001424e15a8
0x0000700009ae58c0:   0000000000000000 0000700000000000
0x0000700009ae58d0:   00000000000000dc 0000000000000000
0x0000700009ae58e0:   0000700009ae5988 00007f89ff60a000
0x0000700009ae58f0:   0000700009ae5960 00000001162c6c9f
0x0000700009ae5900:   00000001162ad2bd 0000000100000001
0x0000700009ae5910:   0000000455ac5b38 000000045593bcf8
0x0000700009ae5920:   0000700000000000 000000011751de50
0x0000700009ae5930:   0000700009ae5988 00000001424e1638
0x0000700009ae5940:   0000000000000001 000000045593bcf8
0x0000700009ae5950:   0000000000000000 0000700009ae5988
0x0000700009ae5960:   0000700009ae59f0 00000001162a57a7
0x0000700009ae5970:   0000700009ae59f0 00000001162a57a7
0x0000700009ae5980:   0000000000000001 0000000455ac5b38 

Instructions: (pc=0x00000001137ef027)
0x00000001137ef007:   c0 e9 82 00 00 00 48 8b 5e 10 48 85 db 75 0e bf
0x00000001137ef017:   01 00 00 00 48 8d 15 a8 96 03 00 eb d6 49 89 fe
0x00000001137ef027:   4c 8b 3b 30 c0 e8 ff bc 02 00 49 8b 3f 49 89 c4
0x00000001137ef037:   48 8b 35 02 29 06 00 30 c0 e8 4d be 02 00 48 85 

Register to memory mapping:

RAX=0x00000000ffffffff is an unknown value
RBX=0x323943322d420002 is an unknown value
RCX=0x0000000000000047 is an unknown value
RDX=0x0000000113810b14: Java_sun_java2d_opengl_OGLRenderQueue_flushBuffer+0xb5c in /Applications/Fiji.app/java/macosx/jdk1.8.0_172.jre/jre/Contents/Home/lib/libawt_lwawt.dylib at 0x00000001137d3000
RSP=0x0000700009ae5790 is pointing into the stack for thread: 0x00007f89ff60a000
RBP=0x0000700009ae57b0 is pointing into the stack for thread: 0x00007f89ff60a000
RSI=0x00007f8a06dcf3f0 is an unknown value
RDI=0x00007f89ff60a1f8 is an unknown value
R8 =0x00000000004c6416 is an unknown value
R9 =0xffffffff00000000 is an unknown value
R10=0x0000000116d70d78 is at entry_point+56 in (nmethod*)0x0000000116d70bd0
R11=0x000000008ab27791 is an unknown value
R12=0x0000000000000000 is an unknown value
R13=0x000000011751ecac is at entry_point+2764 in (nmethod*)0x000000011751de50
R14=0x00007f89ff60a1f8 is an unknown value
R15=0x00007f89ff60a000 is a thread


Stack: [0x00007000099e6000,0x0000700009ae6000],  sp=0x0000700009ae5790,  free space=1021k
Native frames: (J=compiled Java code, j=interpreted, Vv=VM code, C=native code)
C  [libawt_lwawt.dylib+0x1c027]  OGLSD_SetScratchSurface+0x49
C  [libawt_lwawt.dylib+0x3d5f2]  Java_sun_java2d_opengl_OGLRenderQueue_flushBuffer+0x63a
J 6009  sun.java2d.opengl.OGLRenderQueue.flushBuffer(JI)V (0 bytes) @ 0x0000000116d70dea [0x0000000116d70d40+0xaa]
J 7971 C2 sun.java2d.opengl.OGLRenderQueue.flushBuffer()V (41 bytes) @ 0x000000011773eb94 [0x000000011773eb40+0x54]
J 7233% C1 sun.java2d.opengl.OGLRenderQueue$QueueFlusher.run()V (234 bytes) @ 0x000000011751eba4 [0x000000011751e1e0+0x9c4]
v  ~StubRoutines::call_stub
V  [libjvm.dylib+0x2f0b3a]  JavaCalls::call_helper(JavaValue*, methodHandle*, JavaCallArguments*, Thread*)+0x6ae
V  [libjvm.dylib+0x2f12de]  JavaCalls::call_virtual(JavaValue*, KlassHandle, Symbol*, Symbol*, JavaCallArguments*, Thread*)+0x164
V  [libjvm.dylib+0x2f148a]  JavaCalls::call_virtual(JavaValue*, Handle, KlassHandle, Symbol*, Symbol*, Thread*)+0x4a
V  [libjvm.dylib+0x34bdb1]  thread_entry(JavaThread*, Thread*)+0x7c
V  [libjvm.dylib+0x570a2f]  JavaThread::thread_main_inner()+0x9b
V  [libjvm.dylib+0x57212a]  JavaThread::run()+0x1c2
V  [libjvm.dylib+0x48f2f6]  java_start(Thread*)+0xf6
C  [libsystem_pthread.dylib+0x32eb]  _pthread_body+0x7e
C  [libsystem_pthread.dylib+0x6249]  _pthread_start+0x42
C  [libsystem_pthread.dylib+0x240d]  thread_start+0xd
C  0x0000000000000000

Java frames: (J=compiled Java code, j=interpreted, Vv=VM code)
J 6009  sun.java2d.opengl.OGLRenderQueue.flushBuffer(JI)V (0 bytes) @ 0x0000000116d70d78 [0x0000000116d70d40+0x38]
J 7971 C2 sun.java2d.opengl.OGLRenderQueue.flushBuffer()V (41 bytes) @ 0x000000011773eb94 [0x000000011773eb40+0x54]
J 7233% C1 sun.java2d.opengl.OGLRenderQueue$QueueFlusher.run()V (234 bytes) @ 0x000000011751eba4 [0x000000011751e1e0+0x9c4]
v  ~StubRoutines::call_stub

---------------  P R O C E S S  ---------------

Java Threads: ( => current thread )
  0x00007f8a01b8b800 JavaThread "SciJava-3b9b327c-Thread-91" [_thread_blocked, id=127795, stack(0x000070000a0fe000,0x000070000a1fe000)]
  0x00007f8a01a08800 JavaThread "SciJava-3b9b327c-Thread-74" [_thread_blocked, id=89187, stack(0x0000700009df2000,0x0000700009ef2000)]
  0x00007f8a04eee800 JavaThread "SciJava-3b9b327c-Thread-73" [_thread_blocked, id=92455, stack(0x000070000a201000,0x000070000a301000)]
  0x00007f8a04fbc800 JavaThread "SciJava-3b9b327c-Thread-64" [_thread_blocked, id=44143, stack(0x00007000097e0000,0x00007000098e0000)]
  0x00007f8a05a67000 JavaThread "DrawAndDrop" [_thread_in_Java, id=91815, stack(0x00007000093cb000,0x00007000094cb000)]
  0x00007f89ff5d6800 JavaThread "TimerQueue" daemon [_thread_blocked, id=130827, stack(0x0000700009ef8000,0x0000700009ff8000)]
  0x00007f89fd838000 JavaThread "DestroyJavaVM" [_thread_blocked, id=4359, stack(0x0000700007f09000,0x0000700007f89000)]
  0x00007f8a05826000 JavaThread "Run$_AWT-EventQueue-0" [_thread_blocked, id=24859, stack(0x00007000095d4000,0x00007000096d4000)]
  0x00007f8a0588e800 JavaThread "AWT-Shutdown" [_thread_blocked, id=86307, stack(0x00007000094d1000,0x00007000095d1000)]
  0x00007f8a05caf800 JavaThread "Java2D Disposer" daemon [_thread_blocked, id=58131, stack(0x0000700009ae9000,0x0000700009be9000)]
=>0x00007f89ff60a000 JavaThread "Java2D Queue Flusher" daemon [_thread_in_native, id=55367, stack(0x00007000099e6000,0x0000700009ae6000)]
  0x00007f8a0273e000 JavaThread "AppKit Thread" daemon [_thread_in_native, id=775, stack(0x00007ffee72be000,0x00007ffee7abe000)]
  0x00007f8a02774000 JavaThread "Timer-0" daemon [_thread_blocked, id=3335, stack(0x00007000092c8000,0x00007000093c8000)]
  0x00007f89fe84e800 JavaThread "Service Thread" daemon [_thread_blocked, id=14851, stack(0x00007000090c2000,0x00007000091c2000)]
  0x00007f89ff01d800 JavaThread "C1 CompilerThread3" daemon [_thread_blocked, id=15363, stack(0x0000700008fbf000,0x00007000090bf000)]
  0x00007f89ff00d800 JavaThread "C2 CompilerThread2" daemon [_thread_blocked, id=13315, stack(0x0000700008ebc000,0x0000700008fbc000)]
  0x00007f89fe003000 JavaThread "C2 CompilerThread1" daemon [_thread_blocked, id=15875, stack(0x0000700008db9000,0x0000700008eb9000)]
  0x00007f89fe877800 JavaThread "C2 CompilerThread0" daemon [_thread_blocked, id=13059, stack(0x0000700008cb6000,0x0000700008db6000)]
  0x00007f89fe876800 JavaThread "Signal Dispatcher" daemon [_thread_blocked, id=12547, stack(0x0000700008bb3000,0x0000700008cb3000)]
  0x00007f89fe84c000 JavaThread "Finalizer" daemon [_thread_blocked, id=17923, stack(0x0000700008ab0000,0x0000700008bb0000)]
  0x00007f89ff00a800 JavaThread "Reference Handler" daemon [_thread_blocked, id=18435, stack(0x00007000089ad000,0x0000700008aad000)]

Other Threads:
  0x00007f89fe84b800 VMThread [stack: 0x00007000088aa000,0x00007000089aa000] [id=18691]
  0x00007f89ff02e000 WatcherThread [stack: 0x00007000091c5000,0x00007000092c5000] [id=14083]

VM state:not at safepoint (normal execution)

VM Mutex/Monitor currently owned by a thread: None

Heap:
 PSYoungGen      total 1114624K, used 259910K [0x000000069c580000, 0x0000000703a80000, 0x00000007c0000000)
  eden space 1024000K, 25% used [0x000000069c580000,0x00000006ac351b80,0x00000006dad80000)
  from space 90624K, 0% used [0x00000006dad80000,0x00000006dad80000,0x00000006e0600000)
  to   space 91648K, 0% used [0x00000006fe100000,0x00000006fe100000,0x0000000703a80000)
 ParOldGen       total 518144K, used 297132K [0x0000000455000000, 0x0000000474a00000, 0x000000069c580000)
  object space 518144K, 57% used [0x0000000455000000,0x000000046722b308,0x0000000474a00000)
 Metaspace       used 62626K, capacity 63795K, committed 64768K, reserved 1103872K
  class space    used 9548K, capacity 9875K, committed 10240K, reserved 1048576K

Card table byte_map: [0x000000010a5b5000,0x000000010c10e000] byte_map_base: 0x000000010830d000

Marking Bits: (ParMarkBitMap*) 0x0000000109afaae0
 Begin Bits: [0x00000001252a5000, 0x0000000132d65000)
 End Bits:   [0x0000000132d65000, 0x0000000140825000)

Polling page: 0x00000001081cf000

CodeCache: size=245760Kb used=22927Kb max_used=23113Kb free=222832Kb
 bounds [0x00000001162a5000, 0x0000000117965000, 0x00000001252a5000]
 total_blobs=7756 nmethods=6973 adapters=693
 compilation: enabled

Compilation events (10 events):
Event: 30130.512 Thread 0x00007f89fe003000 nmethod 8515 0x00000001171d4710 code [0x00000001171d48a0, 0x00000001171d4c58]
Event: 30130.512 Thread 0x00007f89fe003000 8522       4       net.imglib2.type.numeric.ARGBType::rgba (33 bytes)
Event: 30130.512 Thread 0x00007f89fe003000 nmethod 8522 0x0000000116a59a90 code [0x0000000116a59bc0, 0x0000000116a59c18]
Event: 30130.513 Thread 0x00007f89ff00d800 nmethod 8532 0x0000000117393cd0 code [0x0000000117393e40, 0x0000000117394398]
Event: 30130.522 Thread 0x00007f89fe877800 nmethod 8471 0x000000011731fed0 code [0x0000000117320540, 0x00000001173260c8]
Event: 30131.320 Thread 0x00007f89ff01d800 8533   !   3       java.lang.ref.Reference::tryHandlePending (115 bytes)
Event: 30131.322 Thread 0x00007f89ff01d800 nmethod 8533 0x00000001172414d0 code [0x0000000117241700, 0x00000001172423a8]
Event: 30131.322 Thread 0x00007f89ff01d800 8534   !   3       sun.java2d.Disposer::clearDeferredRecords (70 bytes)
Event: 30131.323 Thread 0x00007f89fe003000 8535   !   4       java.lang.ref.Reference::tryHandlePending (115 bytes)
Event: 30131.323 Thread 0x00007f89ff01d800 nmethod 8534 0x0000000116da0910 code [0x0000000116da0b60, 0x0000000116da1968]

GC Heap History (10 events):
Event: 28256.557 GC heap before
{Heap before GC invocations=15 (full 3):
 PSYoungGen      total 570880K, used 495351K [0x000000069c580000, 0x00000006d1600000, 0x00000007c0000000)
  eden space 494080K, 92% used [0x000000069c580000,0x00000006b84d6e48,0x00000006ba800000)
  from space 76800K, 48% used [0x00000006ba800000,0x00000006bcc67000,0x00000006bf300000)
  to   space 75264K, 0% used [0x00000006ccc80000,0x00000006ccc80000,0x00000006d1600000)
 ParOldGen       total 321024K, used 173685K [0x0000000455000000, 0x0000000468980000, 0x000000069c580000)
  object space 321024K, 54% used [0x0000000455000000,0x000000045f99d670,0x0000000468980000)
 Metaspace       used 60369K, capacity 61791K, committed 61952K, reserved 1101824K
  class space    used 9410K, capacity 9889K, committed 9984K, reserved 1048576K
Event: 28256.587 GC heap after
Heap after GC invocations=15 (full 3):
 PSYoungGen      total 795136K, used 37212K [0x000000069c580000, 0x00000006d1a00000, 0x00000007c0000000)
  eden space 719872K, 0% used [0x000000069c580000,0x000000069c580000,0x00000006c8480000)
  from space 75264K, 49% used [0x00000006ccc80000,0x00000006cf0d7000,0x00000006d1600000)
  to   space 73728K, 0% used [0x00000006c8480000,0x00000006c8480000,0x00000006ccc80000)
 ParOldGen       total 321024K, used 173717K [0x0000000455000000, 0x0000000468980000, 0x000000069c580000)
  object space 321024K, 54% used [0x0000000455000000,0x000000045f9a5670,0x0000000468980000)
 Metaspace       used 60369K, capacity 61791K, committed 61952K, reserved 1101824K
  class space    used 9410K, capacity 9889K, committed 9984K, reserved 1048576K
}
Event: 30129.094 GC heap before
{Heap before GC invocations=16 (full 3):
 PSYoungGen      total 795136K, used 757015K [0x000000069c580000, 0x00000006d1a00000, 0x00000007c0000000)
  eden space 719872K, 99% used [0x000000069c580000,0x00000006c846ed98,0x00000006c8480000)
  from space 75264K, 49% used [0x00000006ccc80000,0x00000006cf0d7000,0x00000006d1600000)
  to   space 73728K, 0% used [0x00000006c8480000,0x00000006c8480000,0x00000006ccc80000)
 ParOldGen       total 321024K, used 173717K [0x0000000455000000, 0x0000000468980000, 0x000000069c580000)
  object space 321024K, 54% used [0x0000000455000000,0x000000045f9a5670,0x0000000468980000)
 Metaspace       used 62360K, capacity 63859K, committed 64000K, reserved 1103872K
  class space    used 9657K, capacity 10121K, committed 10240K, reserved 1048576K
Event: 30129.246 GC heap after
Heap after GC invocations=16 (full 3):
 PSYoungGen      total 793600K, used 64825K [0x000000069c580000, 0x00000006e5800000, 0x00000007c0000000)
  eden space 719872K, 0% used [0x000000069c580000,0x000000069c580000,0x00000006c8480000)
  from space 73728K, 87% used [0x00000006c8480000,0x00000006cc3ce540,0x00000006ccc80000)
  to   space 82432K, 0% used [0x00000006e0780000,0x00000006e0780000,0x00000006e5800000)
 ParOldGen       total 321024K, used 173725K [0x0000000455000000, 0x0000000468980000, 0x000000069c580000)
  object space 321024K, 54% used [0x0000000455000000,0x000000045f9a7670,0x0000000468980000)
 Metaspace       used 62360K, capacity 63859K, committed 64000K, reserved 1103872K
  class space    used 9657K, capacity 10121K, committed 10240K, reserved 1048576K
}
Event: 30130.538 GC heap before
{Heap before GC invocations=17 (full 3):
 PSYoungGen      total 793600K, used 773346K [0x000000069c580000, 0x00000006e5800000, 0x00000007c0000000)
  eden space 719872K, 98% used [0x000000069c580000,0x00000006c796a4b0,0x00000006c8480000)
  from space 73728K, 87% used [0x00000006c8480000,0x00000006cc3ce540,0x00000006ccc80000)
  to   space 82432K, 0% used [0x00000006e0780000,0x00000006e0780000,0x00000006e5800000)
 ParOldGen       total 321024K, used 173725K [0x0000000455000000, 0x0000000468980000, 0x000000069c580000)
  object space 321024K, 54% used [0x0000000455000000,0x000000045f9a7670,0x0000000468980000)
 Metaspace       used 63022K, capacity 64485K, committed 64768K, reserved 1103872K
  class space    used 9697K, capacity 10156K, committed 10240K, reserved 1048576K
Event: 30130.567 GC heap after
Heap after GC invocations=17 (full 3):
 PSYoungGen      total 1106432K, used 68723K [0x000000069c580000, 0x00000006e5e80000, 0x00000007c0000000)
  eden space 1024000K, 0% used [0x000000069c580000,0x000000069c580000,0x00000006dad80000)
  from space 82432K, 83% used [0x00000006e0780000,0x00000006e4a9cc58,0x00000006e5800000)
  to   space 90624K, 0% used [0x00000006dad80000,0x00000006dad80000,0x00000006e0600000)
 ParOldGen       total 321024K, used 230725K [0x0000000455000000, 0x0000000468980000, 0x000000069c580000)
  object space 321024K, 71% used [0x0000000455000000,0x0000000463151788,0x0000000468980000)
 Metaspace       used 63022K, capacity 64485K, committed 64768K, reserved 1103872K
  class space    used 9697K, capacity 10156K, committed 10240K, reserved 1048576K
}
Event: 30130.946 GC heap before
{Heap before GC invocations=18 (full 3):
 PSYoungGen      total 1106432K, used 1089642K [0x000000069c580000, 0x00000006e5e80000, 0x00000007c0000000)
  eden space 1024000K, 99% used [0x000000069c580000,0x00000006daa7df40,0x00000006dad80000)
  from space 82432K, 83% used [0x00000006e0780000,0x00000006e4a9cc58,0x00000006e5800000)
  to   space 90624K, 0% used [0x00000006dad80000,0x00000006dad80000,0x00000006e0600000)
 ParOldGen       total 321024K, used 230725K [0x0000000455000000, 0x0000000468980000, 0x000000069c580000)
  object space 321024K, 71% used [0x0000000455000000,0x0000000463151788,0x0000000468980000)
 Metaspace       used 63022K, capacity 64485K, committed 64768K, reserved 1103872K
  class space    used 9697K, capacity 10156K, committed 10240K, reserved 1048576K
Event: 30130.997 GC heap after
Heap after GC invocations=18 (full 3):
 PSYoungGen      total 1114624K, used 55358K [0x000000069c580000, 0x0000000703a80000, 0x00000007c0000000)
  eden space 1024000K, 0% used [0x000000069c580000,0x000000069c580000,0x00000006dad80000)
  from space 90624K, 61% used [0x00000006dad80000,0x00000006de38f9f8,0x00000006e0600000)
  to   space 91648K, 0% used [0x00000006fe100000,0x00000006fe100000,0x0000000703a80000)
 ParOldGen       total 321024K, used 282494K [0x0000000455000000, 0x0000000468980000, 0x000000069c580000)
  object space 321024K, 87% used [0x0000000455000000,0x00000004663df828,0x0000000468980000)
 Metaspace       used 63022K, capacity 64485K, committed 64768K, reserved 1103872K
  class space    used 9697K, capacity 10156K, committed 10240K, reserved 1048576K
}
Event: 30130.997 GC heap before
{Heap before GC invocations=19 (full 4):
 PSYoungGen      total 1114624K, used 55358K [0x000000069c580000, 0x0000000703a80000, 0x00000007c0000000)
  eden space 1024000K, 0% used [0x000000069c580000,0x000000069c580000,0x00000006dad80000)
  from space 90624K, 61% used [0x00000006dad80000,0x00000006de38f9f8,0x00000006e0600000)
  to   space 91648K, 0% used [0x00000006fe100000,0x00000006fe100000,0x0000000703a80000)
 ParOldGen       total 321024K, used 282494K [0x0000000455000000, 0x0000000468980000, 0x000000069c580000)
  object space 321024K, 87% used [0x0000000455000000,0x00000004663df828,0x0000000468980000)
 Metaspace       used 63022K, capacity 64485K, committed 64768K, reserved 1103872K
  class space    used 9697K, capacity 10156K, committed 10240K, reserved 1048576K
Event: 30131.317 GC heap after
Heap after GC invocations=19 (full 4):
 PSYoungGen      total 1114624K, used 0K [0x000000069c580000, 0x0000000703a80000, 0x00000007c0000000)
  eden space 1024000K, 0% used [0x000000069c580000,0x000000069c580000,0x00000006dad80000)
  from space 90624K, 0% used [0x00000006dad80000,0x00000006dad80000,0x00000006e0600000)
  to   space 91648K, 0% used [0x00000006fe100000,0x00000006fe100000,0x0000000703a80000)
 ParOldGen       total 518144K, used 297132K [0x0000000455000000, 0x0000000474a00000, 0x000000069c580000)
  object space 518144K, 57% used [0x0000000455000000,0x000000046722b308,0x0000000474a00000)
 Metaspace       used 62625K, capacity 63795K, committed 64768K, reserved 1103872K
  class space    used 9548K, capacity 9875K, committed 10240K, reserved 1048576K
}

Deoptimization events (10 events):
Event: 30129.317 Thread 0x00007f8a05a67000 Uncommon trap: reason=unstable_if action=reinterpret pc=0x00000001178596fc method=loci.formats.in.OIRReader.parseLUT(Lorg/w3c/dom/Element;Ljava/lang/String;)V @ 566
Event: 30129.336 Thread 0x00007f8a05a67000 Uncommon trap: reason=unstable_if action=reinterpret pc=0x00000001164097a0 method=sun.nio.cs.UTF_8$Encoder.encode([CII[B)I @ 33
Event: 30129.574 Thread 0x00007f8a05a67000 Uncommon trap: reason=unstable_if action=reinterpret pc=0x0000000117884e64 method=sun.nio.cs.UTF_8$Decoder.malformedN(Ljava/nio/ByteBuffer;I)Ljava/nio/charset/CoderResult; @ 116
Event: 30129.575 Thread 0x00007f8a05a67000 Uncommon trap: reason=unstable_if action=reinterpret pc=0x000000011788bdc0 method=sun.nio.cs.UTF_8$Decoder.malformedN(Ljava/nio/ByteBuffer;I)Ljava/nio/charset/CoderResult; @ 116
Event: 30129.786 Thread 0x00007f8a05a67000 Uncommon trap: reason=unstable_if action=reinterpret pc=0x0000000117863ae0 method=sun.nio.cs.UTF_8$Decoder.isMalformed4(III)Z @ 8
Event: 30129.786 Thread 0x00007f8a05a67000 Uncommon trap: reason=unstable_if action=reinterpret pc=0x000000011787f508 method=sun.nio.cs.UTF_8$Decoder.isMalformed3(III)Z @ 25
Event: 30129.786 Thread 0x00007f8a05a67000 Uncommon trap: reason=null_check action=make_not_entrant pc=0x000000011787e7a0 method=java.nio.charset.CoderResult$Cache.get(I)Ljava/nio/charset/CoderResult; @ 57
Event: 30130.400 Thread 0x00007f8a05826000 Uncommon trap: reason=class_check action=maybe_recompile pc=0x00000001176cbeac method=sun.java2d.SunGraphics2D.drawChars([CIIII)V @ 106
Event: 30130.499 Thread 0x00007f8a05a67000 Uncommon trap: reason=unstable_if action=reinterpret pc=0x000000011652c2f8 method=sun.misc.FloatingDecimal$BinaryToASCIIBuffer.dtoa(IJIZ)V @ 824
Event: 30131.317 Thread 0x00007f89ff00a800 Uncommon trap: reason=unstable_if action=reinterpret pc=0x000000011780e190 method=java.lang.ref.Reference.tryHandlePending(Z)Z @ 20

Classes redefined (0 events):
No events

Internal exceptions (10 events):
Event: 30129.781 Thread 0x00007f8a05a67000 Exception <a 'java/security/PrivilegedActionException'> (0x00000006abd1a140) thrown at [/Users/java_re/workspace/8-2-build-macosx-x86_64/jdk8u172/10810/hotspot/src/share/vm/prims/jvm.cpp, line 1435]
Event: 30129.781 Thread 0x00007f8a05a67000 Exception <a 'java/security/PrivilegedActionException'> (0x00000006abd1a538) thrown at [/Users/java_re/workspace/8-2-build-macosx-x86_64/jdk8u172/10810/hotspot/src/share/vm/prims/jvm.cpp, line 1435]
Event: 30129.781 Thread 0x00007f8a05a67000 Exception <a 'java/security/PrivilegedActionException'> (0x00000006abd1b6e0) thrown at [/Users/java_re/workspace/8-2-build-macosx-x86_64/jdk8u172/10810/hotspot/src/share/vm/prims/jvm.cpp, line 1435]
Event: 30129.781 Thread 0x00007f8a05a67000 Exception <a 'java/security/PrivilegedActionException'> (0x00000006abd1bad8) thrown at [/Users/java_re/workspace/8-2-build-macosx-x86_64/jdk8u172/10810/hotspot/src/share/vm/prims/jvm.cpp, line 1435]
Event: 30129.781 Thread 0x00007f8a05a67000 Exception <a 'java/security/PrivilegedActionException'> (0x00000006abd32a58) thrown at [/Users/java_re/workspace/8-2-build-macosx-x86_64/jdk8u172/10810/hotspot/src/share/vm/prims/jvm.cpp, line 1435]
Event: 30129.781 Thread 0x00007f8a05a67000 Exception <a 'java/security/PrivilegedActionException'> (0x00000006abd32e50) thrown at [/Users/java_re/workspace/8-2-build-macosx-x86_64/jdk8u172/10810/hotspot/src/share/vm/prims/jvm.cpp, line 1435]
Event: 30129.781 Thread 0x00007f8a05a67000 Exception <a 'java/security/PrivilegedActionException'> (0x00000006abd344a0) thrown at [/Users/java_re/workspace/8-2-build-macosx-x86_64/jdk8u172/10810/hotspot/src/share/vm/prims/jvm.cpp, line 1435]
Event: 30129.781 Thread 0x00007f8a05a67000 Exception <a 'java/security/PrivilegedActionException'> (0x00000006abd34898) thrown at [/Users/java_re/workspace/8-2-build-macosx-x86_64/jdk8u172/10810/hotspot/src/share/vm/prims/jvm.cpp, line 1435]
Event: 30129.786 Thread 0x00007f8a05a67000 Implicit null exception at 0x000000011787e245 to 0x000000011787e785
Event: 30129.876 Thread 0x00007f8a05a67000 Exception <a 'java/lang/NullPointerException'> (0x00000006ad0b2b08) thrown at [/Users/java_re/workspace/8-2-build-macosx-x86_64/jdk8u172/10810/hotspot/src/share/vm/interpreter/linkResolver.cpp, line 1185]

Events (10 events):
Event: 30131.317 Thread 0x00007f89ff00a800 DEOPT PACKING pc=0x000000011780e190 sp=0x0000700008aac8d0
Event: 30131.317 Thread 0x00007f89ff00a800 DEOPT UNPACKING pc=0x00000001162ea73a sp=0x0000700008aac888 mode 2
Event: 30131.321 Executing VM operation: RevokeBias
Event: 30131.322 Executing VM operation: RevokeBias done
Event: 30131.324 Executing VM operation: RevokeBias
Event: 30131.326 Executing VM operation: RevokeBias done
Event: 30131.326 Executing VM operation: RevokeBias
Event: 30131.330 Executing VM operation: RevokeBias done
Event: 30131.330 loading class sun/font/StrikeCache$2
Event: 30131.330 loading class sun/font/StrikeCache$2 done


Dynamic libraries:
0x00007fff309fd000 	/System/Library/Frameworks/CoreFoundation.framework/Versions/A/CoreFoundation
0x00007fff2eeaa000 	/System/Library/Frameworks/ApplicationServices.framework/Versions/A/ApplicationServices
0x00007fff59c6f000 	/usr/lib/libSystem.B.dylib
0x00007fff31c4e000 	/System/Library/Frameworks/CoreServices.framework/Versions/A/CoreServices
0x00007fff5b669000 	/usr/lib/libobjc.A.dylib
0x00007fff59830000 	/usr/lib/libDiagnosticMessagesClient.dylib
0x00007fff5ab28000 	/usr/lib/libicucore.A.dylib
0x00007fff5c53f000 	/usr/lib/libz.1.dylib
0x00007fff59f06000 	/usr/lib/libc++abi.dylib
0x00007fff59eb2000 	/usr/lib/libc++.1.dylib
0x00007fff5cd2e000 	/usr/lib/system/libcache.dylib
0x00007fff5cd33000 	/usr/lib/system/libcommonCrypto.dylib
0x00007fff5cd3e000 	/usr/lib/system/libcompiler_rt.dylib
0x00007fff5cd46000 	/usr/lib/system/libcopyfile.dylib
0x00007fff5cd50000 	/usr/lib/system/libcorecrypto.dylib
0x00007fff5ce5b000 	/usr/lib/system/libdispatch.dylib
0x00007fff5ce95000 	/usr/lib/system/libdyld.dylib
0x00007fff5cec2000 	/usr/lib/system/libkeymgr.dylib
0x00007fff5ced0000 	/usr/lib/system/liblaunch.dylib
0x00007fff5ced1000 	/usr/lib/system/libmacho.dylib
0x00007fff5ced7000 	/usr/lib/system/libquarantine.dylib
0x00007fff5ceda000 	/usr/lib/system/libremovefile.dylib
0x00007fff5cedc000 	/usr/lib/system/libsystem_asl.dylib
0x00007fff5cef4000 	/usr/lib/system/libsystem_blocks.dylib
0x00007fff5cef5000 	/usr/lib/system/libsystem_c.dylib
0x00007fff5cf7d000 	/usr/lib/system/libsystem_configuration.dylib
0x00007fff5cf81000 	/usr/lib/system/libsystem_coreservices.dylib
0x00007fff5cf85000 	/usr/lib/system/libsystem_darwin.dylib
0x00007fff5cf8c000 	/usr/lib/system/libsystem_dnssd.dylib
0x00007fff5cf93000 	/usr/lib/system/libsystem_info.dylib
0x00007fff5d008000 	/usr/lib/system/libsystem_m.dylib
0x00007fff5d054000 	/usr/lib/system/libsystem_malloc.dylib
0x00007fff5d079000 	/usr/lib/system/libsystem_networkextension.dylib
0x00007fff5d084000 	/usr/lib/system/libsystem_notify.dylib
0x00007fff5d0a1000 	/usr/lib/system/libsystem_sandbox.dylib
0x00007fff5d0a5000 	/usr/lib/system/libsystem_secinit.dylib
0x00007fff5cfdf000 	/usr/lib/system/libsystem_kernel.dylib
0x00007fff5d08c000 	/usr/lib/system/libsystem_platform.dylib
0x00007fff5d096000 	/usr/lib/system/libsystem_pthread.dylib
0x00007fff5d0a8000 	/usr/lib/system/libsystem_symptoms.dylib
0x00007fff5d0b0000 	/usr/lib/system/libsystem_trace.dylib
0x00007fff5d0c7000 	/usr/lib/system/libunwind.dylib
0x00007fff5d0cd000 	/usr/lib/system/libxpc.dylib
0x00007fff30e42000 	/System/Library/Frameworks/CoreGraphics.framework/Versions/A/CoreGraphics
0x00007fff32627000 	/System/Library/Frameworks/CoreText.framework/Versions/A/CoreText
0x00007fff3341a000 	/System/Library/Frameworks/ImageIO.framework/Versions/A/ImageIO
0x00007fff30223000 	/System/Library/Frameworks/ColorSync.framework/Versions/A/ColorSync
0x00007fff2eeab000 	/System/Library/Frameworks/ApplicationServices.framework/Versions/A/Frameworks/ATS.framework/Versions/A/ATS
0x00007fff2f1fa000 	/System/Library/Frameworks/ApplicationServices.framework/Versions/A/Frameworks/ColorSyncLegacy.framework/Versions/A/ColorSyncLegacy
0x00007fff2f299000 	/System/Library/Frameworks/ApplicationServices.framework/Versions/A/Frameworks/HIServices.framework/Versions/A/HIServices
0x00007fff2f2ec000 	/System/Library/Frameworks/ApplicationServices.framework/Versions/A/Frameworks/LangAnalysis.framework/Versions/A/LangAnalysis
0x00007fff2f2fc000 	/System/Library/Frameworks/ApplicationServices.framework/Versions/A/Frameworks/PrintCore.framework/Versions/A/PrintCore
0x00007fff2f346000 	/System/Library/Frameworks/ApplicationServices.framework/Versions/A/Frameworks/QD.framework/Versions/A/QD
0x00007fff2f380000 	/System/Library/Frameworks/ApplicationServices.framework/Versions/A/Frameworks/SpeechSynthesis.framework/Versions/A/SpeechSynthesis
0x00007fff55ea1000 	/System/Library/PrivateFrameworks/SkyLight.framework/Versions/A/SkyLight
0x00007fff333b7000 	/System/Library/Frameworks/IOSurface.framework/Versions/A/IOSurface
0x00007fff5c433000 	/usr/lib/libxml2.2.dylib
0x00007fff2f95e000 	/System/Library/Frameworks/CFNetwork.framework/Versions/A/CFNetwork
0x00007fff2ce6f000 	/System/Library/Frameworks/Accelerate.framework/Versions/A/Accelerate
0x00007fff32c71000 	/System/Library/Frameworks/Foundation.framework/Versions/C/Foundation
0x00007fff59f2e000 	/usr/lib/libcompression.dylib
0x00007fff3c650000 	/System/Library/Frameworks/SystemConfiguration.framework/Versions/A/SystemConfiguration
0x00007fff30915000 	/System/Library/Frameworks/CoreDisplay.framework/Versions/A/CoreDisplay
0x00007fff33326000 	/System/Library/Frameworks/IOKit.framework/Versions/A/IOKit
0x00007fff3558a000 	/System/Library/Frameworks/Metal.framework/Versions/A/Metal
0x00007fff35841000 	/System/Library/Frameworks/MetalPerformanceShaders.framework/Versions/A/MetalPerformanceShaders
0x00007fff4f9fa000 	/System/Library/PrivateFrameworks/MultitouchSupport.framework/Versions/A/MultitouchSupport
0x00007fff3bef7000 	/System/Library/Frameworks/Security.framework/Versions/A/Security
0x00007fff3b46e000 	/System/Library/Frameworks/QuartzCore.framework/Versions/A/QuartzCore
0x00007fff59e93000 	/usr/lib/libbsm.0.dylib
0x00007fff5add7000 	/usr/lib/liblzma.5.dylib
0x00007fff59dc3000 	/usr/lib/libauto.dylib
0x00007fff32aad000 	/System/Library/Frameworks/DiskArbitration.framework/Versions/A/DiskArbitration
0x00007fff59d16000 	/usr/lib/libarchive.2.dylib
0x00007fff5add5000 	/usr/lib/liblangid.dylib
0x00007fff59761000 	/usr/lib/libCRFSuite.dylib
0x00007fff5a9cf000 	/usr/lib/libenergytrace.dylib
0x00007fff5cec3000 	/usr/lib/system/libkxld.dylib
0x00007fff40e76000 	/System/Library/PrivateFrameworks/AppleFSCompression.framework/Versions/A/AppleFSCompression
0x00007fff59b2f000 	/usr/lib/libOpenScriptingUtil.dylib
0x00007fff5a1bb000 	/usr/lib/libcoretls.dylib
0x00007fff5a1d2000 	/usr/lib/libcoretls_cfhelpers.dylib
0x00007fff5be00000 	/usr/lib/libpam.2.dylib
0x00007fff5bfc0000 	/usr/lib/libsqlite3.dylib
0x00007fff5c421000 	/usr/lib/libxar.1.dylib
0x00007fff59ea4000 	/usr/lib/libbz2.1.0.dylib
0x00007fff5b288000 	/usr/lib/libnetwork.dylib
0x00007fff59cff000 	/usr/lib/libapple_nghttp2.dylib
0x00007fff5be07000 	/usr/lib/libpcap.A.dylib
0x00007fff31fed000 	/System/Library/Frameworks/CoreServices.framework/Versions/A/Frameworks/FSEvents.framework/Versions/A/FSEvents
0x00007fff31ccc000 	/System/Library/Frameworks/CoreServices.framework/Versions/A/Frameworks/CarbonCore.framework/Versions/A/CarbonCore
0x00007fff321a9000 	/System/Library/Frameworks/CoreServices.framework/Versions/A/Frameworks/Metadata.framework/Versions/A/Metadata
0x00007fff32248000 	/System/Library/Frameworks/CoreServices.framework/Versions/A/Frameworks/OSServices.framework/Versions/A/OSServices
0x00007fff32293000 	/System/Library/Frameworks/CoreServices.framework/Versions/A/Frameworks/SearchKit.framework/Versions/A/SearchKit
0x00007fff31c4f000 	/System/Library/Frameworks/CoreServices.framework/Versions/A/Frameworks/AE.framework/Versions/A/AE
0x00007fff31ff6000 	/System/Library/Frameworks/CoreServices.framework/Versions/A/Frameworks/LaunchServices.framework/Versions/A/LaunchServices
0x00007fff31fa4000 	/System/Library/Frameworks/CoreServices.framework/Versions/A/Frameworks/DictionaryServices.framework/Versions/A/DictionaryServices
0x00007fff322fb000 	/System/Library/Frameworks/CoreServices.framework/Versions/A/Frameworks/SharedFileList.framework/Versions/A/SharedFileList
0x00007fff36639000 	/System/Library/Frameworks/NetFS.framework/Versions/A/NetFS
0x00007fff4fc60000 	/System/Library/PrivateFrameworks/NetAuth.framework/Versions/A/NetAuth
0x00007fff59498000 	/System/Library/PrivateFrameworks/login.framework/Versions/A/Frameworks/loginsupport.framework/Versions/A/loginsupport
0x00007fff575bb000 	/System/Library/PrivateFrameworks/TCC.framework/Versions/A/TCC
0x00007fff44c31000 	/System/Library/PrivateFrameworks/CoreNLP.framework/Versions/A/CoreNLP
0x00007fff4f6fa000 	/System/Library/PrivateFrameworks/MetadataUtilities.framework/Versions/A/MetadataUtilities
0x00007fff5aeac000 	/usr/lib/libmecabra.dylib
0x00007fff5ae07000 	/usr/lib/libmecab.1.0.0.dylib
0x00007fff5aa01000 	/usr/lib/libgermantok.dylib
0x00007fff59cec000 	/usr/lib/libThaiTokenizer.dylib
0x00007fff59798000 	/usr/lib/libChineseTokenizer.dylib
0x00007fff5aa37000 	/usr/lib/libiconv.2.dylib
0x00007fff59f1c000 	/usr/lib/libcharset.1.dylib
0x00007fff4e8e7000 	/System/Library/PrivateFrameworks/LanguageModeling.framework/Versions/A/LanguageModeling
0x00007fff44677000 	/System/Library/PrivateFrameworks/CoreEmoji.framework/Versions/A/CoreEmoji
0x00007fff4e9c3000 	/System/Library/PrivateFrameworks/Lexicon.framework/Versions/A/Lexicon
0x00007fff4ea06000 	/System/Library/PrivateFrameworks/LinguisticData.framework/Versions/A/LinguisticData
0x00007fff59f1d000 	/usr/lib/libcmph.dylib
0x00007fff30590000 	/System/Library/Frameworks/CoreData.framework/Versions/A/CoreData
0x00007fff3913b000 	/System/Library/Frameworks/OpenDirectory.framework/Versions/A/Frameworks/CFOpenDirectory.framework/Versions/A/CFOpenDirectory
0x00007fff3fad2000 	/System/Library/PrivateFrameworks/APFS.framework/Versions/A/APFS
0x00007fff5c41d000 	/usr/lib/libutil.dylib
0x00007fff3c2b4000 	/System/Library/Frameworks/ServiceManagement.framework/Versions/A/ServiceManagement
0x00007fff41c27000 	/System/Library/PrivateFrameworks/BackgroundTaskManagement.framework/Versions/A/BackgroundTaskManagement
0x00007fff5c516000 	/usr/lib/libxslt.1.dylib
0x00007fff2ce87000 	/System/Library/Frameworks/Accelerate.framework/Versions/A/Frameworks/vImage.framework/Versions/A/vImage
0x00007fff2df01000 	/System/Library/Frameworks/Accelerate.framework/Versions/A/Frameworks/vecLib.framework/Versions/A/vecLib
0x00007fff2de4d000 	/System/Library/Frameworks/Accelerate.framework/Versions/A/Frameworks/vecLib.framework/Versions/A/libvMisc.dylib
0x00007fff2dc65000 	/System/Library/Frameworks/Accelerate.framework/Versions/A/Frameworks/vecLib.framework/Versions/A/libvDSP.dylib
0x00007fff2d521000 	/System/Library/Frameworks/Accelerate.framework/Versions/A/Frameworks/vecLib.framework/Versions/A/libBLAS.dylib
0x00007fff2d80e000 	/System/Library/Frameworks/Accelerate.framework/Versions/A/Frameworks/vecLib.framework/Versions/A/libLAPACK.dylib
0x00007fff2dbb8000 	/System/Library/Frameworks/Accelerate.framework/Versions/A/Frameworks/vecLib.framework/Versions/A/libLinearAlgebra.dylib
0x00007fff2dc51000 	/System/Library/Frameworks/Accelerate.framework/Versions/A/Frameworks/vecLib.framework/Versions/A/libSparseBLAS.dylib
0x00007fff2dbce000 	/System/Library/Frameworks/Accelerate.framework/Versions/A/Frameworks/vecLib.framework/Versions/A/libQuadrature.dylib
0x00007fff2d79b000 	/System/Library/Frameworks/Accelerate.framework/Versions/A/Frameworks/vecLib.framework/Versions/A/libBNNS.dylib
0x00007fff2dbd4000 	/System/Library/Frameworks/Accelerate.framework/Versions/A/Frameworks/vecLib.framework/Versions/A/libSparse.dylib
0x00007fff4bf6c000 	/System/Library/PrivateFrameworks/GPUWrangler.framework/Versions/A/GPUWrangler
0x00007fff4e230000 	/System/Library/PrivateFrameworks/IOAccelerator.framework/Versions/A/IOAccelerator
0x00007fff4e23b000 	/System/Library/PrivateFrameworks/IOPresentment.framework/Versions/A/IOPresentment
0x00007fff45a02000 	/System/Library/PrivateFrameworks/DSExternalDisplay.framework/Versions/A/DSExternalDisplay
0x00007fff39ab5000 	/System/Library/Frameworks/OpenGL.framework/Versions/A/Libraries/libCoreFSCache.dylib
0x00007fff35635000 	/System/Library/Frameworks/MetalPerformanceShaders.framework/Frameworks/MPSCore.framework/Versions/A/MPSCore
0x00007fff35655000 	/System/Library/Frameworks/MetalPerformanceShaders.framework/Frameworks/MPSImage.framework/Versions/A/MPSImage
0x00007fff356fa000 	/System/Library/Frameworks/MetalPerformanceShaders.framework/Frameworks/MPSNeuralNetwork.framework/Versions/A/MPSNeuralNetwork
0x00007fff356d2000 	/System/Library/Frameworks/MetalPerformanceShaders.framework/Frameworks/MPSMatrix.framework/Versions/A/MPSMatrix
0x00007fff35826000 	/System/Library/Frameworks/MetalPerformanceShaders.framework/Frameworks/MPSRayIntersector.framework/Versions/A/MPSRayIntersector
0x00007fff4f723000 	/System/Library/PrivateFrameworks/MetalTools.framework/Versions/A/MetalTools
0x00007fff40577000 	/System/Library/PrivateFrameworks/AggregateDictionary.framework/Versions/A/AggregateDictionary
0x00007fff59b10000 	/usr/lib/libMobileGestalt.dylib
0x00007fff314d3000 	/System/Library/Frameworks/CoreImage.framework/Versions/A/CoreImage
0x00007fff3278a000 	/System/Library/Frameworks/CoreVideo.framework/Versions/A/CoreVideo
0x00007fff3a65e000 	/System/Library/Frameworks/OpenGL.framework/Versions/A/OpenGL
0x00007fff4cd76000 	/System/Library/PrivateFrameworks/GraphVisualizer.framework/Versions/A/GraphVisualizer
0x00007fff46bfc000 	/System/Library/PrivateFrameworks/FaceCore.framework/Versions/A/FaceCore
0x00007fff390e3000 	/System/Library/Frameworks/OpenCL.framework/Versions/A/OpenCL
0x00007fff59868000 	/usr/lib/libFosl_dynamic.dylib
0x00007fff504cb000 	/System/Library/PrivateFrameworks/OTSVG.framework/Versions/A/OTSVG
0x00007fff2efaf000 	/System/Library/Frameworks/ApplicationServices.framework/Versions/A/Frameworks/ATS.framework/Versions/A/Resources/libFontParser.dylib
0x00007fff2f0c7000 	/System/Library/Frameworks/ApplicationServices.framework/Versions/A/Frameworks/ATS.framework/Versions/A/Resources/libFontRegistry.dylib
0x00007fff33688000 	/System/Library/Frameworks/ImageIO.framework/Versions/A/Resources/libJPEG.dylib
0x00007fff3399a000 	/System/Library/Frameworks/ImageIO.framework/Versions/A/Resources/libTIFF.dylib
0x00007fff33970000 	/System/Library/Frameworks/ImageIO.framework/Versions/A/Resources/libPng.dylib
0x00007fff335a6000 	/System/Library/Frameworks/ImageIO.framework/Versions/A/Resources/libGIF.dylib
0x00007fff335ab000 	/System/Library/Frameworks/ImageIO.framework/Versions/A/Resources/libJP2.dylib
0x00007fff33997000 	/System/Library/Frameworks/ImageIO.framework/Versions/A/Resources/libRadiance.dylib
0x00007fff40fcb000 	/System/Library/PrivateFrameworks/AppleJPEG.framework/Versions/A/AppleJPEG
0x00007fff39ac0000 	/System/Library/Frameworks/OpenGL.framework/Versions/A/Libraries/libGFXShared.dylib
0x00007fff39c83000 	/System/Library/Frameworks/OpenGL.framework/Versions/A/Libraries/libGLU.dylib
0x00007fff39ac9000 	/System/Library/Frameworks/OpenGL.framework/Versions/A/Libraries/libGL.dylib
0x00007fff39ad5000 	/System/Library/Frameworks/OpenGL.framework/Versions/A/Libraries/libGLImage.dylib
0x00007fff39ab2000 	/System/Library/Frameworks/OpenGL.framework/Versions/A/Libraries/libCVMSPluginSupport.dylib
0x00007fff39abb000 	/System/Library/Frameworks/OpenGL.framework/Versions/A/Libraries/libCoreVMClient.dylib
0x00007fff5a845000 	/usr/lib/libcups.2.dylib
0x00007fff34b5d000 	/System/Library/Frameworks/Kerberos.framework/Versions/A/Kerberos
0x00007fff3308d000 	/System/Library/Frameworks/GSS.framework/Versions/A/GSS
0x00007fff5bf55000 	/usr/lib/libresolv.9.dylib
0x00007fff4ced2000 	/System/Library/PrivateFrameworks/Heimdal.framework/Versions/A/Heimdal
0x00007fff5aa07000 	/usr/lib/libheimdal-asn1.dylib
0x00007fff39157000 	/System/Library/Frameworks/OpenDirectory.framework/Versions/A/OpenDirectory
0x00007fff43998000 	/System/Library/PrivateFrameworks/CommonAuth.framework/Versions/A/CommonAuth
0x00007fff3c1f6000 	/System/Library/Frameworks/SecurityFoundation.framework/Versions/A/SecurityFoundation
0x00007fff3047b000 	/System/Library/Frameworks/CoreAudio.framework/Versions/A/CoreAudio
0x00007fff2f38d000 	/System/Library/Frameworks/AudioToolbox.framework/Versions/A/AudioToolbox
0x00007fff41268000 	/System/Library/PrivateFrameworks/AppleSauce.framework/Versions/A/AppleSauce
0x00007fff413e9000 	/System/Library/PrivateFrameworks/AssertionServices.framework/Versions/A/AssertionServices
0x00007fff41cc6000 	/System/Library/PrivateFrameworks/BaseBoard.framework/Versions/A/BaseBoard
0x0000000108172000 	/Applications/Fiji.app/java/macosx/jdk1.8.0_172.jre/jre/Contents/Home//lib/jli/libjli.dylib
0x00007fff30215000 	/System/Library/Frameworks/Cocoa.framework/Versions/A/Cocoa
0x00007fff2e0a3000 	/System/Library/Frameworks/AppKit.framework/Versions/C/AppKit
0x00007fff537be000 	/System/Library/PrivateFrameworks/RemoteViewServices.framework/Versions/A/RemoteViewServices
0x00007fff579b2000 	/System/Library/PrivateFrameworks/UIFoundation.framework/Versions/A/UIFoundation
0x00007fff59094000 	/System/Library/PrivateFrameworks/XCTTargetBootstrap.framework/Versions/A/XCTTargetBootstrap
0x00007fff4e5fb000 	/System/Library/PrivateFrameworks/IconServices.framework/Versions/A/IconServices
0x00007fff45b86000 	/System/Library/PrivateFrameworks/DesktopServicesPriv.framework/Versions/A/DesktopServicesPriv
0x00007fff459f2000 	/System/Library/PrivateFrameworks/DFRFoundation.framework/Versions/A/DFRFoundation
0x00007fff2f606000 	/System/Library/Frameworks/AudioUnit.framework/Versions/A/AudioUnit
0x00007fff45a87000 	/System/Library/PrivateFrameworks/DataDetectorsCore.framework/Versions/A/DataDetectorsCore
0x00007fff2fd19000 	/System/Library/Frameworks/Carbon.framework/Versions/A/Frameworks/HIToolbox.framework/Versions/A/HIToolbox
0x00007fff300ed000 	/System/Library/Frameworks/Carbon.framework/Versions/A/Frameworks/SpeechRecognition.framework/Versions/A/SpeechRecognition
0x00007fff455d2000 	/System/Library/PrivateFrameworks/CoreUI.framework/Versions/A/CoreUI
0x00007fff515d0000 	/System/Library/PrivateFrameworks/PerformanceAnalysis.framework/Versions/A/PerformanceAnalysis
0x00007fff41c30000 	/System/Library/PrivateFrameworks/Backup.framework/Versions/A/Backup
0x00007fff3001a000 	/System/Library/Frameworks/Carbon.framework/Versions/A/Frameworks/Ink.framework/Versions/A/Ink
0x00007fff5782d000 	/System/Library/PrivateFrameworks/TextureIO.framework/Versions/A/TextureIO
0x00007fff59d40000 	/usr/lib/libate.dylib
0x00007fff45952000 	/System/Library/PrivateFrameworks/CrashReporterSupport.framework/Versions/A/CrashReporterSupport
0x00007fff54fdf000 	/System/Library/PrivateFrameworks/Sharing.framework/Versions/A/Sharing
0x00007fff417c8000 	/System/Library/PrivateFrameworks/AuthKit.framework/Versions/A/AuthKit
0x00007fff40b72000 	/System/Library/PrivateFrameworks/Apple80211.framework/Versions/A/Apple80211
0x00007fff456fe000 	/System/Library/PrivateFrameworks/CoreUtils.framework/Versions/A/CoreUtils
0x00007fff327c8000 	/System/Library/Frameworks/CoreWLAN.framework/Versions/A/CoreWLAN
0x00007fff331bc000 	/System/Library/Frameworks/IOBluetooth.framework/Versions/A/IOBluetooth
0x00007fff5346f000 	/System/Library/PrivateFrameworks/ProtocolBuffer.framework/Versions/A/ProtocolBuffer
0x00007fff4f958000 	/System/Library/PrivateFrameworks/MobileKeyBag.framework/Versions/A/MobileKeyBag
0x00007fff44f44000 	/System/Library/PrivateFrameworks/CorePhoneNumbers.framework/Versions/A/CorePhoneNumbers
0x00007fff40f7f000 	/System/Library/PrivateFrameworks/AppleIDAuthSupport.framework/Versions/A/AppleIDAuthSupport
0x00007fff4e8ba000 	/System/Library/PrivateFrameworks/KeychainCircle.framework/Versions/A/KeychainCircle
0x00007fff53625000 	/System/Library/PrivateFrameworks/ROCKit.framework/Versions/A/ROCKit
0x00007fff458ee000 	/System/Library/PrivateFrameworks/CoreWiFi.framework/Versions/A/CoreWiFi
0x00007fff30565000 	/System/Library/Frameworks/CoreBluetooth.framework/Versions/A/CoreBluetooth
0x00007fff45b48000 	/System/Library/PrivateFrameworks/DebugSymbols.framework/Versions/A/DebugSymbols
0x00007fff454bf000 	/System/Library/PrivateFrameworks/CoreSymbolication.framework/Versions/A/CoreSymbolication
0x00007fff57049000 	/System/Library/PrivateFrameworks/Symbolication.framework/Versions/A/Symbolication
0x00007fff568ec000 	/System/Library/PrivateFrameworks/SpeechRecognitionCore.framework/Versions/A/SpeechRecognitionCore
0x0000000109200000 	/Applications/Fiji.app/java/macosx/jdk1.8.0_172.jre/jre/Contents/Home//lib/server/libjvm.dylib
0x00007fff5c2ee000 	/usr/lib/libstdc++.6.dylib
0x000000010818b000 	/Applications/Fiji.app/java/macosx/jdk1.8.0_172.jre/jre/Contents/Home/lib/libverify.dylib
0x0000000108199000 	/Applications/Fiji.app/java/macosx/jdk1.8.0_172.jre/jre/Contents/Home/lib/libjava.dylib
0x00000001081d9000 	/Applications/Fiji.app/java/macosx/jdk1.8.0_172.jre/jre/Contents/Home/lib/libzip.dylib
0x00000001133b5000 	/Applications/Fiji.app/java/macosx/jdk1.8.0_172.jre/jre/Contents/Home/lib/libosx.dylib
0x0000000112486000 	/Applications/Fiji.app/java/macosx/jdk1.8.0_172.jre/jre/Contents/Home/lib/./libosxapp.dylib
0x00007fff34b46000 	/System/Library/Frameworks/JavaVM.framework/Versions/A/Frameworks/JavaNativeFoundation.framework/Versions/A/JavaNativeFoundation
0x00007fff34b4f000 	/System/Library/Frameworks/JavaVM.framework/Versions/A/Frameworks/JavaRuntimeSupport.framework/Versions/A/JavaRuntimeSupport
0x00007fff2fd14000 	/System/Library/Frameworks/Carbon.framework/Versions/A/Carbon
0x00007fff32c4a000 	/System/Library/Frameworks/ExceptionHandling.framework/Versions/A/ExceptionHandling
0x00007fff2fd15000 	/System/Library/Frameworks/Carbon.framework/Versions/A/Frameworks/CommonPanels.framework/Versions/A/CommonPanels
0x00007fff30010000 	/System/Library/Frameworks/Carbon.framework/Versions/A/Frameworks/Help.framework/Versions/A/Help
0x00007fff30014000 	/System/Library/Frameworks/Carbon.framework/Versions/A/Frameworks/ImageCapture.framework/Versions/A/ImageCapture
0x00007fff300b0000 	/System/Library/Frameworks/Carbon.framework/Versions/A/Frameworks/OpenScripting.framework/Versions/A/OpenScripting
0x00007fff300e8000 	/System/Library/Frameworks/Carbon.framework/Versions/A/Frameworks/Print.framework/Versions/A/Print
0x00007fff300ea000 	/System/Library/Frameworks/Carbon.framework/Versions/A/Frameworks/SecurityHI.framework/Versions/A/SecurityHI
0x00007fff34b58000 	/System/Library/Frameworks/JavaVM.framework/Versions/A/JavaVM
0x00007fff4e7d9000 	/System/Library/PrivateFrameworks/JavaLaunching.framework/Versions/A/JavaLaunching
0x0000000113729000 	/Applications/Fiji.app/java/macosx/jdk1.8.0_172.jre/jre/Contents/Home/lib/libawt.dylib
0x000000011388d000 	/Applications/Fiji.app/java/macosx/jdk1.8.0_172.jre/jre/Contents/Home/lib/./libmlib_image.dylib
0x00000001137d3000 	/Applications/Fiji.app/java/macosx/jdk1.8.0_172.jre/jre/Contents/Home/lib/libawt_lwawt.dylib
0x00007fff450c8000 	/System/Library/PrivateFrameworks/CoreServicesInternal.framework/Versions/A/CoreServicesInternal
0x00007fff254e7000 	/System/Library/CoreServices/RawCamera.bundle/Contents/MacOS/RawCamera
0x00007fff4f7c2000 	/System/Library/PrivateFrameworks/MobileAsset.framework/Versions/A/MobileAsset
0x00007fff56f97000 	/System/Library/PrivateFrameworks/StreamingZip.framework/Versions/A/StreamingZip
0x00007fff34ee8000 	/System/Library/Frameworks/MediaToolbox.framework/Versions/A/MediaToolbox
0x00007fff4421e000 	/System/Library/PrivateFrameworks/CoreAVCHD.framework/Versions/A/CoreAVCHD
0x00007fff34e2f000 	/System/Library/Frameworks/MediaAccessibility.framework/Versions/A/MediaAccessibility
0x00007fff4f228000 	/System/Library/PrivateFrameworks/Mangrove.framework/Versions/A/Mangrove
0x00007fff31af0000 	/System/Library/Frameworks/CoreMedia.framework/Versions/A/CoreMedia
0x00007fff3c913000 	/System/Library/Frameworks/VideoToolbox.framework/Versions/A/VideoToolbox
0x00007fff43e3a000 	/System/Library/PrivateFrameworks/CoreAUC.framework/Versions/A/CoreAUC
0x00007fff5bfbe000 	/usr/lib/libspindump.dylib
0x00007fff4134e000 	/System/Library/PrivateFrameworks/AppleVA.framework/Versions/A/AppleVA
0x00007fff2ce70000 	/System/Library/Frameworks/Accelerate.framework/Versions/A/Frameworks/vImage.framework/Versions/A/Libraries/libCGInterfaces.dylib
0x00007fff2f163000 	/System/Library/Frameworks/ApplicationServices.framework/Versions/A/Frameworks/ATS.framework/Versions/A/Resources/libTrueTypeScaler.dylib
0x00007fff291ce000 	/System/Library/Extensions/AppleIntelHD5000GraphicsMTLDriver.bundle/Contents/MacOS/AppleIntelHD5000GraphicsMTLDriver
0x00007fff25842000 	/System/Library/Extensions/AMDMTLBronzeDriver.bundle/Contents/MacOS/AMDMTLBronzeDriver
0x00007fff4e226000 	/System/Library/PrivateFrameworks/IOAccelMemoryInfo.framework/Versions/A/IOAccelMemoryInfo
0x00007fff4a8cb000 	/System/Library/PrivateFrameworks/GPUCompiler.framework/Versions/3902/Libraries/libmetal_timestamp.dylib
0x00007fff587e4000 	/System/Library/PrivateFrameworks/ViewBridge.framework/Versions/A/ViewBridge
0x0000000113959000 	/Applications/Fiji.app/java/macosx/jdk1.8.0_172.jre/jre/Contents/Home/lib/libfontmanager.dylib
0x00007fff3a66e000 	/System/Library/Frameworks/OpenGL.framework/Versions/A/Resources/GLEngine.bundle/GLEngine
0x00007fff39b10000 	/System/Library/Frameworks/OpenGL.framework/Versions/A/Libraries/libGLProgrammability.dylib
0x00007fff28cbb000 	/System/Library/Extensions/AppleIntelHD5000GraphicsGLDriver.bundle/Contents/MacOS/AppleIntelHD5000GraphicsGLDriver
0x00007fff4bf60000 	/System/Library/PrivateFrameworks/GPUSupport.framework/Versions/A/Libraries/libGPUSupportMercury.dylib
0x0000000142c1c000 	/System/Library/Extensions/AMDRadeonX4000GLDriver.bundle/Contents/MacOS/AMDRadeonX4000GLDriver
0x00007fff2598f000 	/System/Library/Extensions/AMDRadeonX4000GLDriver.bundle/Contents/MacOS/ATIRadeonX4000SCLib.dylib
0x00007fff3a804000 	/System/Library/Frameworks/OpenGL.framework/Versions/A/Resources/GLRendererFloat.bundle/GLRendererFloat
0x00007fff390da000 	/System/Library/Frameworks/OpenCL.framework/Versions/A/Libraries/libcldcpuengine.dylib
0x00007fff5a371000 	/usr/lib/libcrypto.35.dylib
0x00007fff579ab000 	/System/Library/PrivateFrameworks/TrustEvaluationAgent.framework/Versions/A/TrustEvaluationAgent
0x00000001129ff000 	/Applications/Fiji.app/java/macosx/jdk1.8.0_172.jre/jre/Contents/Home/lib/libosxui.dylib
0x0000000115c08000 	/Applications/Fiji.app/java/macosx/jdk1.8.0_172.jre/jre/Contents/Home/lib/libnet.dylib
0x000000011335b000 	/Applications/Fiji.app/java/macosx/jdk1.8.0_172.jre/jre/Contents/Home/lib/libnio.dylib
0x0000000149f62000 	/usr/lib/libobjc-trampolines.dylib
0x0000000194501000 	/private/var/folders/pn/__0g9tsx6dv3pkkfnfl34r1r0000gs/T/nativelib-loader_251542082765009101/libturbojpeg.dylib
0x0000000194a37000 	/Applications/Fiji.app/java/macosx/jdk1.8.0_172.jre/jre/Contents/Home/lib/libdcpr.dylib
0x00007fff550fa000 	/System/Library/PrivateFrameworks/Shortcut.framework/Versions/A/Shortcut
0x00007fff4cf47000 	/System/Library/PrivateFrameworks/HelpData.framework/Versions/A/HelpData
0x00007fff5949b000 	/System/Library/PrivateFrameworks/login.framework/Versions/A/login

VM Arguments:
jvm_args: -Dpython.cachedir.skip=true -Dplugins.dir=/Applications/Fiji.app -Xmx14000m 
java_command: <unknown>
java_class_path (initial): /Applications/Fiji.app/jars/imagej-launcher-4.0.5.jar
Launcher Type: generic

Environment Variables:
JAVA_HOME=/Applications/Fiji.app/java/macosx/jdk1.8.0_172.jre/jre/Contents/Home/
PATH=/Users/joshtitlow/src/RNAstructure/exe:/opt/local/bin:/opt/local/sbin://anaconda/bin://anaconda/condabin://anaconda/bin:/usr/local/bin:/usr/bin:/bin:/usr/sbin:/sbin:/Library/TeX/texbin:/opt/X11/bin:/Users/joshtitlow/src/bftools:/Path/To/NUPACK/nupack3.0.4/bin:/Path/To/Jellyfish/jellyfish-2.2.6://Applications/MATLAB_R2015a.app/bin://Users/joshtitlow/src
SHELL=/bin/bash
DISPLAY=/private/tmp/com.apple.launchd.fzoDDlkjvx/org.macosforge.xquartz:0
DYLD_LIBRARY_PATH=/Applications/Fiji.app/lib/macosx:/Applications/Fiji.app/mm/macosx

Signal Handlers:
SIGSEGV: [libjvm.dylib+0x5b6fd9], sa_mask[0]=11111111011111110111111111111111, sa_flags=SA_ONSTACK|SA_RESTART|SA_SIGINFO
SIGBUS: [libjvm.dylib+0x5b6fd9], sa_mask[0]=11111111011111110111111111111111, sa_flags=SA_RESTART|SA_SIGINFO
SIGFPE: [libjvm.dylib+0x48c8e8], sa_mask[0]=11111111011111110111111111111111, sa_flags=SA_RESTART|SA_SIGINFO
SIGPIPE: [libjvm.dylib+0x48c8e8], sa_mask[0]=11111111011111110111111111111111, sa_flags=SA_RESTART|SA_SIGINFO
SIGXFSZ: [libjvm.dylib+0x48c8e8], sa_mask[0]=11111111011111110111111111111111, sa_flags=SA_RESTART|SA_SIGINFO
SIGILL: [libjvm.dylib+0x48c8e8], sa_mask[0]=11111111011111110111111111111111, sa_flags=SA_RESTART|SA_SIGINFO
SIGUSR1: SIG_DFL, sa_mask[0]=11011111011111100000000111000110, sa_flags=none
SIGUSR2: [libjvm.dylib+0x48c406], sa_mask[0]=00000000000000000000000000000000, sa_flags=SA_RESTART|SA_SIGINFO
SIGHUP: [libjvm.dylib+0x48a9d1], sa_mask[0]=11111111011111110111111111111111, sa_flags=SA_RESTART|SA_SIGINFO
SIGINT: [libjvm.dylib+0x48a9d1], sa_mask[0]=11111111011111110111111111111111, sa_flags=SA_RESTART|SA_SIGINFO
SIGTERM: [libjvm.dylib+0x48a9d1], sa_mask[0]=11111111011111110111111111111111, sa_flags=SA_RESTART|SA_SIGINFO
SIGQUIT: [libjvm.dylib+0x48a9d1], sa_mask[0]=11111111011111110111111111111111, sa_flags=SA_RESTART|SA_SIGINFO


---------------  S Y S T E M  ---------------

OS:Bsduname:Darwin 18.5.0 Darwin Kernel Version 18.5.0: Mon Mar 11 20:40:32 PDT 2019; root:xnu-4903.251.3~3/RELEASE_X86_64 x86_64
rlimit: STACK 8192k, CORE 0k, NPROC 1418, NOFILE 10240, AS infinity
load average:2.95 4.92 3.73

CPU:total 8 (initial active 8) (4 cores per cpu, 2 threads per core) family 6 model 70 stepping 1, cmov, cx8, fxsr, mmx, sse, sse2, sse3, ssse3, sse4.1, sse4.2, popcnt, avx, avx2, aes, clmul, erms, lzcnt, ht, tsc, tscinvbit, bmi1, bmi2

Memory: 4k page, physical 16777216k(3283800k free)

/proc/meminfo:


vm_info: Java HotSpot(TM) 64-Bit Server VM (25.172-b11) for bsd-amd64 JRE (1.8.0_172-b11), built on Mar 28 2018 15:38:02 by "java_re" with gcc 4.2.1 (Based on Apple Inc. build 5658) (LLVM build 2336.11.00)

time: Thu Aug  1 08:47:15 2019
elapsed time: 30131 seconds (0d 8h 22m 11s)

